<?xml version="1.0" encoding="UTF-8"?>
<testsuite xmlns:xsi="http://www.w3.org/2001/XMLSchema-instance" xsi:noNamespaceSchemaLocation="https://maven.apache.org/surefire/maven-surefire-plugin/xsd/surefire-test-report-3.0.xsd" version="3.0" name="PlanServiceTest" time="0.609" tests="4" errors="0" skipped="0" failures="0">
  <properties>
[...]
</properties>
  <testcase name="testGeneratePlan_InvalidGoal" classname="PlanServiceTest" time="0.486"/>
  <testcase name="testGeneratePlan_Success" classname="PlanServiceTest" time="0.046"/>
  <testcase name="testGeneratePlan_InvalidWeight_Low" classname="PlanServiceTest" time="0.032"/>
  <testcase name="testGeneratePlan_NullGoal" classname="PlanServiceTest" time="0.031"/>
</testsuite>